c:\users\user\desktop\wordbook\wordbook\wordbook\wordbook\debug\vc142.pdb
c:\users\user\desktop\wordbook\wordbook\wordbook\wordbook\debug\vc142.idb
c:\users\user\desktop\wordbook\wordbook\wordbook\wordbook\debug\wordbook.obj
c:\users\user\desktop\wordbook\wordbook\wordbook\wordbook\debug\wordbookform.obj
c:\users\user\desktop\wordbook\wordbook\wordbook\wordbook\wordbook\debug\vc142.pdb
c:\users\user\desktop\wordbook\wordbook\wordbook\wordbook\wordbook\debug\vc142.idb
c:\users\user\desktop\wordbook\wordbook\wordbook\wordbook\wordbook\debug\wordbookform.obj
c:\users\user\desktop\wordbook\wordbook\wordbook\wordbook\wordbook\debug\wordbook.obj
c:\opensource_home\wordbook\wordbook\wordbook\wordbook\debug\vc142.pdb
c:\opensource_home\wordbook\wordbook\wordbook\wordbook\debug\vc142.idb
c:\opensource_home\wordbook\wordbook\wordbook\wordbook\debug\wordbookform.obj
c:\opensource_home\wordbook\wordbook\wordbook\wordbook\debug\wordbook.obj
c:\users\user\desktop\wordbook\wordbook\wordbook\debug\wordbook.exe
c:\users\user\desktop\wordbook\wordbook\wordbook\debug\wordbook.ilk
c:\users\user\desktop\wordbook\wordbook\wordbook\debug\wordbook.pdb
c:\users\user\desktop\wordbook\wordbook\wordbook\wordbook\debug\wordbook.res
c:\users\user\desktop\wordbook\wordbook\wordbook\wordbook\wordbook\debug\wordbook.res
c:\opensource_home\wordbook\wordbook\wordbook\wordbook\debug\wordbook.res
c:\opensource_home\wordbook\wordbook\wordbook\debug\wordbook.pdb
c:\opensource_home\wordbook\wordbook\wordbook\wordbook\debug\wordbook.tlog\cl.command.1.tlog
c:\opensource_home\wordbook\wordbook\wordbook\wordbook\debug\wordbook.tlog\cl.read.1.tlog
c:\opensource_home\wordbook\wordbook\wordbook\wordbook\debug\wordbook.tlog\cl.write.1.tlog
c:\opensource_home\wordbook\wordbook\wordbook\wordbook\debug\wordbook.tlog\link-cvtres.read.1.tlog
c:\opensource_home\wordbook\wordbook\wordbook\wordbook\debug\wordbook.tlog\link-cvtres.write.1.tlog
c:\opensource_home\wordbook\wordbook\wordbook\wordbook\debug\wordbook.tlog\link-rc.read.1.tlog
c:\opensource_home\wordbook\wordbook\wordbook\wordbook\debug\wordbook.tlog\link-rc.write.1.tlog
c:\opensource_home\wordbook\wordbook\wordbook\wordbook\debug\wordbook.tlog\link.8408-cvtres.read.1.tlog
c:\opensource_home\wordbook\wordbook\wordbook\wordbook\debug\wordbook.tlog\link.8408-cvtres.write.1.tlog
c:\opensource_home\wordbook\wordbook\wordbook\wordbook\debug\wordbook.tlog\link.8408-rc.read.1.tlog
c:\opensource_home\wordbook\wordbook\wordbook\wordbook\debug\wordbook.tlog\link.8408-rc.write.1.tlog
c:\opensource_home\wordbook\wordbook\wordbook\wordbook\debug\wordbook.tlog\link.8408.read.1.tlog
c:\opensource_home\wordbook\wordbook\wordbook\wordbook\debug\wordbook.tlog\link.8408.write.1.tlog
c:\opensource_home\wordbook\wordbook\wordbook\wordbook\debug\wordbook.tlog\link.command.1.tlog
c:\opensource_home\wordbook\wordbook\wordbook\wordbook\debug\wordbook.tlog\link.read.1.tlog
c:\opensource_home\wordbook\wordbook\wordbook\wordbook\debug\wordbook.tlog\link.write.1.tlog
c:\opensource_home\wordbook\wordbook\wordbook\wordbook\debug\wordbook.tlog\rc.command.1.tlog
c:\opensource_home\wordbook\wordbook\wordbook\wordbook\debug\wordbook.tlog\rc.read.1.tlog
c:\opensource_home\wordbook\wordbook\wordbook\wordbook\debug\wordbook.tlog\rc.write.1.tlog
